[debug] [2025-03-10T15:03:43.570Z] ----------------------------------------------------------------------
[debug] [2025-03-10T15:03:43.572Z] Command:       C:\Program Files\nodejs\node.exe C:\Users\38067\AppData\Roaming\npm\node_modules\firebase-tools\lib\bin\firebase.js init
[debug] [2025-03-10T15:03:43.573Z] CLI Version:   13.33.0
[debug] [2025-03-10T15:03:43.573Z] Platform:      win32
[debug] [2025-03-10T15:03:43.573Z] Node Version:  v20.17.0
[debug] [2025-03-10T15:03:43.573Z] Time:          Mon Mar 10 2025 17:03:43 GMT+0200 (за східноєвропейським стандартним часом)
[debug] [2025-03-10T15:03:43.573Z] ----------------------------------------------------------------------
[debug] 
[debug] [2025-03-10T15:03:43.576Z] >>> [apiv2][query] GET https://firebase-public.firebaseio.com/cli.json [none]
[debug] [2025-03-10T15:03:43.628Z] > command requires scopes: ["email","openid","https://www.googleapis.com/auth/cloudplatformprojects.readonly","https://www.googleapis.com/auth/firebase","https://www.googleapis.com/auth/cloud-platform"]
[debug] [2025-03-10T15:03:43.628Z] > authorizing via signed-in user (nikitalytvynov0506@gmail.com)
[info] 
     ######## #### ########  ######## ########     ###     ######  ########
     ##        ##  ##     ## ##       ##     ##  ##   ##  ##       ##
     ######    ##  ########  ######   ########  #########  ######  ######
     ##        ##  ##    ##  ##       ##     ## ##     ##       ## ##
     ##       #### ##     ## ######## ########  ##     ##  ######  ########

You're about to initialize a Firebase project in this directory:

  C:\Users\38067\interview_task

[debug] [2025-03-10T15:03:44.000Z] <<< [apiv2][status] GET https://firebase-public.firebaseio.com/cli.json 200
[debug] [2025-03-10T15:03:44.001Z] <<< [apiv2][body] GET https://firebase-public.firebaseio.com/cli.json {"cloudBuildErrorAfter":1594252800000,"cloudBuildWarnAfter":1590019200000,"defaultNode10After":1594252800000,"minVersion":"3.0.5","node8DeploysDisabledAfter":1613390400000,"node8RuntimeDisabledAfter":1615809600000,"node8WarnAfter":1600128000000}
[info] 
=== Project Setup
[info] 
[info] First, let's associate this project directory with a Firebase project.
[info] You can create multiple project aliases by running firebase use --add, 
[info] but for now we'll just set up a default project.
[info] 
[info] i  If you want to create a project in a Google Cloud organization or folder, please use "firebase projects:create" instead, and return to this command when you've created the project. 
[debug] [2025-03-10T15:04:16.537Z] Checked if tokens are valid: false, expires at: 1739910107205
[debug] [2025-03-10T15:04:16.537Z] Checked if tokens are valid: false, expires at: 1739910107205
[debug] [2025-03-10T15:04:16.537Z] > refreshing access token with scopes: []
[debug] [2025-03-10T15:04:16.538Z] >>> [apiv2][query] POST https://www.googleapis.com/oauth2/v3/token [none]
[debug] [2025-03-10T15:04:16.538Z] >>> [apiv2][body] POST https://www.googleapis.com/oauth2/v3/token [omitted]
[debug] [2025-03-10T15:04:16.702Z] <<< [apiv2][status] POST https://www.googleapis.com/oauth2/v3/token 200
[debug] [2025-03-10T15:04:16.702Z] <<< [apiv2][body] POST https://www.googleapis.com/oauth2/v3/token [omitted]
[debug] [2025-03-10T15:04:16.709Z] >>> [apiv2][query] POST https://cloudresourcemanager.googleapis.com/v1/projects [none]
[debug] [2025-03-10T15:04:16.709Z] >>> [apiv2][body] POST https://cloudresourcemanager.googleapis.com/v1/projects {"projectId":"interview_task2025","name":"interview_task2025"}
[debug] [2025-03-10T15:04:17.583Z] <<< [apiv2][status] POST https://cloudresourcemanager.googleapis.com/v1/projects 400
[debug] [2025-03-10T15:04:17.583Z] <<< [apiv2][body] POST https://cloudresourcemanager.googleapis.com/v1/projects {"error":{"code":400,"message":"Request contains an invalid argument.","status":"INVALID_ARGUMENT","details":[{"@type":"type.googleapis.com/google.rpc.BadRequest","fieldViolations":[{"field":"project_id","description":"project_id contains invalid characters"},{"field":"display_name","description":"project display name contains invalid characters"}]},{"@type":"type.googleapis.com/google.rpc.Help","links":[{"url":"https://cloud.google.com/resource-manager/reference/rest/v1/projects"}]}]}}
[debug] [2025-03-10T15:04:17.692Z] FirebaseError: Request to https://cloudresourcemanager.googleapis.com/v1/projects had HTTP Error: 400, Request contains an invalid argument.
    at responseToError (C:\Users\38067\AppData\Roaming\npm\node_modules\firebase-tools\lib\responseToError.js:52:12)
    at RetryOperation._fn (C:\Users\38067\AppData\Roaming\npm\node_modules\firebase-tools\lib\apiv2.js:312:77)
    at process.processTicksAndRejections (node:internal/process/task_queues:95:5)
[error] 
[error] Error: Failed to create project. See firebase-debug.log for more info.
[debug] [2025-03-10T15:04:33.706Z] ----------------------------------------------------------------------
[debug] [2025-03-10T15:04:33.708Z] Command:       C:\Program Files\nodejs\node.exe C:\Users\38067\AppData\Roaming\npm\node_modules\firebase-tools\lib\bin\firebase.js init
[debug] [2025-03-10T15:04:33.709Z] CLI Version:   13.33.0
[debug] [2025-03-10T15:04:33.709Z] Platform:      win32
[debug] [2025-03-10T15:04:33.709Z] Node Version:  v20.17.0
[debug] [2025-03-10T15:04:33.709Z] Time:          Mon Mar 10 2025 17:04:33 GMT+0200 (за східноєвропейським стандартним часом)
[debug] [2025-03-10T15:04:33.709Z] ----------------------------------------------------------------------
[debug] 
[debug] [2025-03-10T15:04:33.715Z] > command requires scopes: ["email","openid","https://www.googleapis.com/auth/cloudplatformprojects.readonly","https://www.googleapis.com/auth/firebase","https://www.googleapis.com/auth/cloud-platform"]
[debug] [2025-03-10T15:04:33.716Z] > authorizing via signed-in user (nikitalytvynov0506@gmail.com)
[info] 
     ######## #### ########  ######## ########     ###     ######  ########
     ##        ##  ##     ## ##       ##     ##  ##   ##  ##       ##
     ######    ##  ########  ######   ########  #########  ######  ######
     ##        ##  ##    ##  ##       ##     ## ##     ##       ## ##
     ##       #### ##     ## ######## ########  ##     ##  ######  ########

You're about to initialize a Firebase project in this directory:

  C:\Users\38067\interview_task

[info] 
=== Project Setup
[info] 
[info] First, let's associate this project directory with a Firebase project.
[info] You can create multiple project aliases by running firebase use --add, 
[info] but for now we'll just set up a default project.
[info] 
[debug] [2025-03-10T15:04:48.635Z] Checked if tokens are valid: true, expires at: 1741622655702
[debug] [2025-03-10T15:04:48.636Z] Checked if tokens are valid: true, expires at: 1741622655702
[debug] [2025-03-10T15:04:48.637Z] >>> [apiv2][query] GET https://firebase.googleapis.com/v1beta1/projects pageSize=100
[debug] [2025-03-10T15:04:49.159Z] <<< [apiv2][status] GET https://firebase.googleapis.com/v1beta1/projects 200
[debug] [2025-03-10T15:04:49.160Z] <<< [apiv2][body] GET https://firebase.googleapis.com/v1beta1/projects [omitted]
[debug] [2025-03-10T15:04:58.987Z] ----------------------------------------------------------------------
[debug] [2025-03-10T15:04:58.989Z] Command:       C:\Program Files\nodejs\node.exe C:\Users\38067\AppData\Roaming\npm\node_modules\firebase-tools\lib\bin\firebase.js init
[debug] [2025-03-10T15:04:58.990Z] CLI Version:   13.33.0
[debug] [2025-03-10T15:04:58.990Z] Platform:      win32
[debug] [2025-03-10T15:04:58.990Z] Node Version:  v20.17.0
[debug] [2025-03-10T15:04:58.990Z] Time:          Mon Mar 10 2025 17:04:58 GMT+0200 (за східноєвропейським стандартним часом)
[debug] [2025-03-10T15:04:58.990Z] ----------------------------------------------------------------------
[debug] 
[debug] [2025-03-10T15:04:58.996Z] > command requires scopes: ["email","openid","https://www.googleapis.com/auth/cloudplatformprojects.readonly","https://www.googleapis.com/auth/firebase","https://www.googleapis.com/auth/cloud-platform"]
[debug] [2025-03-10T15:04:58.996Z] > authorizing via signed-in user (nikitalytvynov0506@gmail.com)
[info] 
     ######## #### ########  ######## ########     ###     ######  ########
     ##        ##  ##     ## ##       ##     ##  ##   ##  ##       ##
     ######    ##  ########  ######   ########  #########  ######  ######
     ##        ##  ##    ##  ##       ##     ## ##     ##       ## ##
     ##       #### ##     ## ######## ########  ##     ##  ######  ########

You're about to initialize a Firebase project in this directory:

  C:\Users\38067\interview_task

[info] 
=== Project Setup
[info] 
[info] First, let's associate this project directory with a Firebase project.
[info] You can create multiple project aliases by running firebase use --add, 
[info] but for now we'll just set up a default project.
[info] 
[info] i  If you want to create a project in a Google Cloud organization or folder, please use "firebase projects:create" instead, and return to this command when you've created the project. 
[debug] [2025-03-10T15:05:21.720Z] Checked if tokens are valid: true, expires at: 1741622655702
[debug] [2025-03-10T15:05:21.720Z] Checked if tokens are valid: true, expires at: 1741622655702
[debug] [2025-03-10T15:05:21.721Z] >>> [apiv2][query] POST https://cloudresourcemanager.googleapis.com/v1/projects [none]
[debug] [2025-03-10T15:05:21.721Z] >>> [apiv2][body] POST https://cloudresourcemanager.googleapis.com/v1/projects {"projectId":"12345678","name":"interview_task"}
[debug] [2025-03-10T15:05:22.609Z] <<< [apiv2][status] POST https://cloudresourcemanager.googleapis.com/v1/projects 400
[debug] [2025-03-10T15:05:22.609Z] <<< [apiv2][body] POST https://cloudresourcemanager.googleapis.com/v1/projects {"error":{"code":400,"message":"Request contains an invalid argument.","status":"INVALID_ARGUMENT","details":[{"@type":"type.googleapis.com/google.rpc.BadRequest","fieldViolations":[{"field":"project_id","description":"project_id contains invalid characters"},{"field":"display_name","description":"project display name contains invalid characters"}]},{"@type":"type.googleapis.com/google.rpc.Help","links":[{"url":"https://cloud.google.com/resource-manager/reference/rest/v1/projects"}]}]}}
[debug] [2025-03-10T15:05:22.712Z] FirebaseError: Request to https://cloudresourcemanager.googleapis.com/v1/projects had HTTP Error: 400, Request contains an invalid argument.
    at responseToError (C:\Users\38067\AppData\Roaming\npm\node_modules\firebase-tools\lib\responseToError.js:52:12)
    at RetryOperation._fn (C:\Users\38067\AppData\Roaming\npm\node_modules\firebase-tools\lib\apiv2.js:312:77)
    at process.processTicksAndRejections (node:internal/process/task_queues:95:5)
[error] 
[error] Error: Failed to create project. See firebase-debug.log for more info.
